-------------------------------------------------------------------------------
Test set: edu.brown.cs.student.main.NearestFountainTest
-------------------------------------------------------------------------------
Tests run: 1, Failures: 1, Errors: 0, Skipped: 0, Time elapsed: 0.014 s <<< FAILURE! - in edu.brown.cs.student.main.NearestFountainTest
edu.brown.cs.student.main.NearestFountainTest.TestNearestFountain  Time elapsed: 0.012 s  <<< FAILURE!
org.junit.ComparisonFailure: expected:<[Ladd Observa]tory> but was:<[Sharpe Refec]tory>
	at edu.brown.cs.student.main.NearestFountainTest.TestNearestFountain(NearestFountainTest.java:25)

