-------------------------------------------------------------------------------
Test set: edu.brown.cs.student.main.userCommandTest
-------------------------------------------------------------------------------
Tests run: 3, Failures: 1, Errors: 0, Skipped: 0, Time elapsed: 0.454 s <<< FAILURE! - in edu.brown.cs.student.main.userCommandTest
edu.brown.cs.student.main.userCommandTest.userExtractTest  Time elapsed: 0.021 s  <<< FAILURE!
java.lang.AssertionError: expected:<3> but was:<4>
	at edu.brown.cs.student.main.userCommandTest.userExtractTest(userCommandTest.java:18)

