<?xml version="1.0" encoding="UTF-8"?>
<testsuite xmlns:xsi="http://www.w3.org/2001/XMLSchema-instance" xsi:noNamespaceSchemaLocation="https://maven.apache.org/surefire/maven-surefire-plugin/xsd/surefire-test-report-3.0.xsd" version="3.0" name="edu.brown.cs.student.DatabaseTest" time="0.03" tests="4" errors="0" skipped="0" failures="0">
  <properties>
[...]
</properties>
  <testcase name="removeAndReturn" classname="edu.brown.cs.student.DatabaseTest" time="0"/>
  <testcase name="invalidSql" classname="edu.brown.cs.student.DatabaseTest" time="0.025"/>
  <testcase name="readTest" classname="edu.brown.cs.student.DatabaseTest" time="0"/>
  <testcase name="invalidTable" classname="edu.brown.cs.student.DatabaseTest" time="0.003"/>
</testsuite>